Release 14.7 - xst P.20131013 (nt64)
Copyright (c) 1995-2013 Xilinx, Inc.  All rights reserved.
--> Parameter TMPDIR set to xst/projnav.tmp


Total REAL time to Xst completion: 0.00 secs
Total CPU time to Xst completion: 0.09 secs
 
--> Parameter xsthdpdir set to xst


Total REAL time to Xst completion: 0.00 secs
Total CPU time to Xst completion: 0.09 secs
 
--> Reading design: carParking.prj

TABLE OF CONTENTS
  1) Synthesis Options Summary
  2) HDL Compilation
  3) Design Hierarchy Analysis
  4) HDL Analysis
  5) HDL Synthesis
     5.1) HDL Synthesis Report
  6) Advanced HDL Synthesis
     6.1) Advanced HDL Synthesis Report
  7) Low Level Synthesis
  8) Partition Report
  9) Final Report
	9.1) Device utilization summary
	9.2) Partition Resource Summary
	9.3) TIMING REPORT


=========================================================================
*                      Synthesis Options Summary                        *
=========================================================================
---- Source Parameters
Input File Name                    : "carParking.prj"
Input Format                       : mixed
Ignore Synthesis Constraint File   : NO

---- Target Parameters
Output File Name                   : "carParking"
Output Format                      : NGC
Target Device                      : xc3s500e-5-fg320

---- Source Options
Top Module Name                    : carParking
Automatic FSM Extraction           : YES
FSM Encoding Algorithm             : Auto
Safe Implementation                : No
FSM Style                          : LUT
RAM Extraction                     : Yes
RAM Style                          : Auto
ROM Extraction                     : Yes
Mux Style                          : Auto
Decoder Extraction                 : YES
Priority Encoder Extraction        : Yes
Shift Register Extraction          : YES
Logical Shifter Extraction         : YES
XOR Collapsing                     : YES
ROM Style                          : Auto
Mux Extraction                     : Yes
Resource Sharing                   : YES
Asynchronous To Synchronous        : NO
Multiplier Style                   : Auto
Automatic Register Balancing       : No

---- Target Options
Add IO Buffers                     : YES
Global Maximum Fanout              : 500
Add Generic Clock Buffer(BUFG)     : 24
Register Duplication               : YES
Slice Packing                      : YES
Optimize Instantiated Primitives   : NO
Use Clock Enable                   : Yes
Use Synchronous Set                : Yes
Use Synchronous Reset              : Yes
Pack IO Registers into IOBs        : Auto
Equivalent register Removal        : YES

---- General Options
Optimization Goal                  : Speed
Optimization Effort                : 1
Keep Hierarchy                     : No
Netlist Hierarchy                  : As_Optimized
RTL Output                         : Yes
Global Optimization                : AllClockNets
Read Cores                         : YES
Write Timing Constraints           : NO
Cross Clock Analysis               : NO
Hierarchy Separator                : /
Bus Delimiter                      : <>
Case Specifier                     : Maintain
Slice Utilization Ratio            : 100
BRAM Utilization Ratio             : 100
Verilog 2001                       : YES
Auto BRAM Packing                  : NO
Slice Utilization Ratio Delta      : 5

=========================================================================


=========================================================================
*                          HDL Compilation                              *
=========================================================================
Compiling vhdl file "C:/Users/Aditya/carParking/carParking.vhd" in Library work.
Entity <carparking> compiled.
Entity <carparking> (Architecture <behavioral>) compiled.

=========================================================================
*                     Design Hierarchy Analysis                         *
=========================================================================
Analyzing hierarchy for entity <carParking> in library <work> (architecture <behavioral>).


=========================================================================
*                            HDL Analysis                               *
=========================================================================
Analyzing Entity <carParking> in library <work> (Architecture <behavioral>).
WARNING:Xst:819 - "C:/Users/Aditya/carParking/carParking.vhd" line 46: One or more signals are missing in the process sensitivity list. To enable synthesis of FPGA/CPLD hardware, XST will assume that all necessary signals are present in the sensitivity list. Please note that the result of the synthesis may differ from the initial design specification. The missing signals are:
   <clock>
Entity <carParking> analyzed. Unit <carParking> generated.


=========================================================================
*                           HDL Synthesis                               *
=========================================================================

Performing bidirectional port resolution...

Synthesizing Unit <carParking>.
    Related source file is "C:/Users/Aditya/carParking/carParking.vhd".
    Found 10-bit register for signal <count>.
    Found 10-bit register for signal <cou>.
    Found 10-bit comparator greater for signal <cou_0$cmp_gt0000> created at line 38.
    Found 10-bit comparator less for signal <cou_0$cmp_lt0000> created at line 35.
    Found 10-bit subtractor for signal <cou_0$sub0000> created at line 36.
    Summary:
	inferred  20 D-type flip-flop(s).
	inferred   1 Adder/Subtractor(s).
	inferred   2 Comparator(s).
Unit <carParking> synthesized.


=========================================================================
HDL Synthesis Report

Macro Statistics
# Adders/Subtractors                                   : 1
 10-bit subtractor                                     : 1
# Registers                                            : 11
 1-bit register                                        : 10
 10-bit register                                       : 1
# Comparators                                          : 2
 10-bit comparator greater                             : 1
 10-bit comparator less                                : 1

=========================================================================

=========================================================================
*                       Advanced HDL Synthesis                          *
=========================================================================


=========================================================================
Advanced HDL Synthesis Report

Macro Statistics
# Adders/Subtractors                                   : 1
 10-bit subtractor                                     : 1
# Registers                                            : 20
 Flip-Flops                                            : 20
# Comparators                                          : 2
 10-bit comparator greater                             : 1
 10-bit comparator less                                : 1

=========================================================================

=========================================================================
*                         Low Level Synthesis                           *
=========================================================================

Optimizing unit <carParking> ...

Mapping all equations...
Building and optimizing final netlist ...
Found area constraint ratio of 100 (+ 5) on block carParking, actual ratio is 0.

Final Macro Processing ...

=========================================================================
Final Register Report

Macro Statistics
# Registers                                            : 20
 Flip-Flops                                            : 20

=========================================================================

=========================================================================
*                           Partition Report                            *
=========================================================================

Partition Implementation Status
-------------------------------

  No Partitions were found in this design.

-------------------------------

=========================================================================
*                            Final Report                               *
=========================================================================
Final Results
RTL Top Level Output File Name     : carParking.ngr
Top Level Output File Name         : carParking
Output Format                      : NGC
Optimization Goal                  : Speed
Keep Hierarchy                     : No

Design Statistics
# IOs                              : 14

Cell Usage :
# BELS                             : 52
#      GND                         : 1
#      INV                         : 9
#      LUT1                        : 1
#      LUT2                        : 4
#      LUT3                        : 11
#      LUT4                        : 4
#      LUT4_D                      : 1
#      LUT4_L                      : 1
#      MUXCY                       : 9
#      VCC                         : 1
#      XORCY                       : 10
# FlipFlops/Latches                : 20
#      FD                          : 10
#      FDE                         : 10
# Clock Buffers                    : 1
#      BUFGP                       : 1
# IO Buffers                       : 13
#      IBUF                        : 3
#      OBUF                        : 10
=========================================================================

Device utilization summary:
---------------------------

Selected Device : 3s500efg320-5 

 Number of Slices:                       19  out of   4656     0%  
 Number of Slice Flip Flops:             20  out of   9312     0%  
 Number of 4 input LUTs:                 31  out of   9312     0%  
 Number of IOs:                          14
 Number of bonded IOBs:                  14  out of    232     6%  
 Number of GCLKs:                         1  out of     24     4%  

---------------------------
Partition Resource Summary:
---------------------------

  No Partitions were found in this design.

---------------------------


=========================================================================
TIMING REPORT

NOTE: THESE TIMING NUMBERS ARE ONLY A SYNTHESIS ESTIMATE.
      FOR ACCURATE TIMING INFORMATION PLEASE REFER TO THE TRACE REPORT
      GENERATED AFTER PLACE-and-ROUTE.

Clock Information:
------------------
-----------------------------------+------------------------+-------+
Clock Signal                       | Clock buffer(FF name)  | Load  |
-----------------------------------+------------------------+-------+
clock                              | BUFGP                  | 20    |
-----------------------------------+------------------------+-------+

Asynchronous Control Signals Information:
----------------------------------------
No asynchronous control signals found in this design

Timing Summary:
---------------
Speed Grade: -5

   Minimum period: 5.444ns (Maximum Frequency: 183.699MHz)
   Minimum input arrival time before clock: 6.039ns
   Maximum output required time after clock: 4.040ns
   Maximum combinational path delay: No path found

Timing Detail:
--------------
All values displayed in nanoseconds (ns)

=========================================================================
Timing constraint: Default period analysis for Clock 'clock'
  Clock period: 5.444ns (frequency: 183.699MHz)
  Total number of paths / destination ports: 465 / 30
-------------------------------------------------------------------------
Delay:               5.444ns (Levels of Logic = 3)
  Source:            cou_7 (FF)
  Destination:       cou_0 (FF)
  Source Clock:      clock rising
  Destination Clock: clock rising

  Data Path: cou_7 to cou_0
                                Gate     Net
    Cell:in->out      fanout   Delay   Delay  Logical Name (Net Name)
    ----------------------------------------  ------------
     FDE:C->Q              4   0.514   0.651  cou_7 (cou_7)
     LUT2:I0->O            1   0.612   0.387  cou_0_and000016 (cou_0_and000016)
     LUT4:I2->O           11   0.612   0.823  cou_0_and000057 (cou_0_and0000)
     LUT3:I2->O           10   0.612   0.750  cou_0_not00011 (cou_0_not0001)
     FDE:CE                    0.483          cou_0
    ----------------------------------------
    Total                      5.444ns (2.833ns logic, 2.611ns route)
                                       (52.0% logic, 48.0% route)

=========================================================================
Timing constraint: Default OFFSET IN BEFORE for Clock 'clock'
  Total number of paths / destination ports: 90 / 20
-------------------------------------------------------------------------
Offset:              6.039ns (Levels of Logic = 4)
  Source:            A (PAD)
  Destination:       cou_0 (FF)
  Destination Clock: clock rising

  Data Path: A to cou_0
                                Gate     Net
    Cell:in->out      fanout   Delay   Delay  Logical Name (Net Name)
    ----------------------------------------  ------------
     IBUF:I->O             2   1.106   0.532  A_IBUF (A_IBUF)
     LUT2:I0->O            1   0.612   0.509  cou_0_and000054 (cou_0_and000054)
     LUT4:I0->O           11   0.612   0.823  cou_0_and000057 (cou_0_and0000)
     LUT3:I2->O           10   0.612   0.750  cou_0_not00011 (cou_0_not0001)
     FDE:CE                    0.483          cou_0
    ----------------------------------------
    Total                      6.039ns (3.425ns logic, 2.614ns route)
                                       (56.7% logic, 43.3% route)

=========================================================================
Timing constraint: Default OFFSET OUT AFTER for Clock 'clock'
  Total number of paths / destination ports: 10 / 10
-------------------------------------------------------------------------
Offset:              4.040ns (Levels of Logic = 1)
  Source:            count_9 (FF)
  Destination:       count<9> (PAD)
  Source Clock:      clock rising

  Data Path: count_9 to count<9>
                                Gate     Net
    Cell:in->out      fanout   Delay   Delay  Logical Name (Net Name)
    ----------------------------------------  ------------
     FD:C->Q               1   0.514   0.357  count_9 (count_9)
     OBUF:I->O                 3.169          count_9_OBUF (count<9>)
    ----------------------------------------
    Total                      4.040ns (3.683ns logic, 0.357ns route)
                                       (91.2% logic, 8.8% route)

=========================================================================


Total REAL time to Xst completion: 5.00 secs
Total CPU time to Xst completion: 4.79 secs
 
--> 

Total memory usage is 250576 kilobytes

Number of errors   :    0 (   0 filtered)
Number of warnings :    1 (   0 filtered)
Number of infos    :    0 (   0 filtered)

